<?xml version="1.0" encoding="UTF-8"?>
<testsuite xmlns:xsi="http://www.w3.org/2001/XMLSchema-instance" xsi:noNamespaceSchemaLocation="https://maven.apache.org/surefire/maven-surefire-plugin/xsd/surefire-test-report-3.0.xsd" version="3.0" name="CheckoutServiceTest" time="0.115" tests="24" errors="0" skipped="0" failures="0">
  <properties>
[...]
</properties>
  <testcase name="deveAplicarFreteGratisSubtotalAcima300" classname="CheckoutServiceTest" time="0.04"/>
  <testcase name="deveAplicarCupomDesc20Valido" classname="CheckoutServiceTest" time="0.001"/>
  <testcase name="naoDeveAplicarCupomInvalido" classname="CheckoutServiceTest" time="0.002"/>
  <testcase name="naoDeveAplicarDescontoPrimeiraCompraAbaixo50" classname="CheckoutServiceTest" time="0.002"/>
  <testcase name="deveAplicarTetoDeDesconto30Porcento" classname="CheckoutServiceTest" time="0.002"/>
  <testcase name="deveAplicarCupomDesc20ComDataValida" classname="CheckoutServiceTest" time="0.002"/>
  <testcase name="deveAplicarFreteGratisComCupomAbaixoPeso" classname="CheckoutServiceTest" time="0.001"/>
  <testcase name="deveLancarExcecaoParaQuantidadeZero" classname="CheckoutServiceTest" time="0.003"/>
  <testcase name="deveAplicarDescontoGold" classname="CheckoutServiceTest" time="0.002"/>
  <testcase name="deveLancarExcecaoParaPrecoNegativo" classname="CheckoutServiceTest" time="0.001"/>
  <testcase name="deveCalcularFreteRegiaoSulFaixaGrande" classname="CheckoutServiceTest" time="0.0"/>
  <testcase name="deveCalcularImpostoCorretamenteApenasBook" classname="CheckoutServiceTest" time="0.0"/>
  <testcase name="naoDeveAplicarCupomDesc20Expirado" classname="CheckoutServiceTest" time="0.0"/>
  <testcase name="deveLancarExcecaoParaPesoNegativo" classname="CheckoutServiceTest" time="0.001"/>
  <testcase name="naoDeveAplicarCupomDesc20AbaixoMinimo" classname="CheckoutServiceTest" time="0.001"/>
  <testcase name="naoDeveAplicarFreteGratisComCupomAcimaPeso" classname="CheckoutServiceTest" time="0.0"/>
  <testcase name="deveAplicarDescontoSilver" classname="CheckoutServiceTest" time="0.002"/>
  <testcase name="deveCalcularBasicoSemDescontosEImpostoApenasNaoBook" classname="CheckoutServiceTest" time="0.001"/>
  <testcase name="deveAplicarCupomDesc10" classname="CheckoutServiceTest" time="0.0"/>
  <testcase name="deveAplicarDescontoPrimeiraCompraAcima50" classname="CheckoutServiceTest" time="0.0"/>
  <testcase name="deveRetornarZeroSeCarrinhoVazio" classname="CheckoutServiceTest" time="0.001"/>
  <testcase name="deveCalcularFreteRegiaoNorte" classname="CheckoutServiceTest" time="0.001"/>
  <testcase name="deveCalcularFreteRegiaoOutra" classname="CheckoutServiceTest" time="0.001"/>
  <testcase name="deveLancarExcecaoParaParametrosNulos" classname="CheckoutServiceTest" time="0.002"/>
</testsuite>